INFO: [VRFC 10-2263] Analyzing Verilog file "E:/Projects/Studying/Computer Principles and Design in Verilog HDL/C7 Multiple-Cycle CPU Design in Verilog HDL/code/code.srcs/sources_1/new/alu.v" into library xil_defaultlib
INFO: [VRFC 10-311] analyzing module alu
INFO: [VRFC 10-2263] Analyzing Verilog file "E:/Projects/Studying/Computer Principles and Design in Verilog HDL/C7 Multiple-Cycle CPU Design in Verilog HDL/code/code.srcs/sources_1/new/cu.v" into library xil_defaultlib
INFO: [VRFC 10-311] analyzing module cu
INFO: [VRFC 10-2263] Analyzing Verilog file "E:/Projects/Studying/Computer Principles and Design in Verilog HDL/C7 Multiple-Cycle CPU Design in Verilog HDL/code/code.srcs/sources_1/new/datapath.v" into library xil_defaultlib
INFO: [VRFC 10-311] analyzing module datapath
INFO: [VRFC 10-2263] Analyzing Verilog file "E:/Projects/Studying/Computer Principles and Design in Verilog HDL/C7 Multiple-Cycle CPU Design in Verilog HDL/code/code.srcs/sources_1/new/ir.v" into library xil_defaultlib
INFO: [VRFC 10-311] analyzing module ir
INFO: [VRFC 10-2263] Analyzing Verilog file "E:/Projects/Studying/Computer Principles and Design in Verilog HDL/C7 Multiple-Cycle CPU Design in Verilog HDL/code/code.srcs/sources_1/new/mem.v" into library xil_defaultlib
INFO: [VRFC 10-311] analyzing module mem
INFO: [VRFC 10-2263] Analyzing Verilog file "E:/Projects/Studying/Computer Principles and Design in Verilog HDL/C7 Multiple-Cycle CPU Design in Verilog HDL/code/code.srcs/sources_1/new/mux2to1.v" into library xil_defaultlib
INFO: [VRFC 10-311] analyzing module mux2to1
INFO: [VRFC 10-2263] Analyzing Verilog file "E:/Projects/Studying/Computer Principles and Design in Verilog HDL/C7 Multiple-Cycle CPU Design in Verilog HDL/code/code.srcs/sources_1/new/mux4to1.v" into library xil_defaultlib
INFO: [VRFC 10-311] analyzing module mux4to1
INFO: [VRFC 10-2263] Analyzing Verilog file "E:/Projects/Studying/Computer Principles and Design in Verilog HDL/C7 Multiple-Cycle CPU Design in Verilog HDL/code/code.srcs/sources_1/new/pc.v" into library xil_defaultlib
INFO: [VRFC 10-311] analyzing module pc
INFO: [VRFC 10-2263] Analyzing Verilog file "E:/Projects/Studying/Computer Principles and Design in Verilog HDL/C7 Multiple-Cycle CPU Design in Verilog HDL/code/code.srcs/sources_1/new/reg_design.v" into library xil_defaultlib
INFO: [VRFC 10-311] analyzing module reg_design
INFO: [VRFC 10-2263] Analyzing Verilog file "E:/Projects/Studying/Computer Principles and Design in Verilog HDL/C7 Multiple-Cycle CPU Design in Verilog HDL/code/code.srcs/sources_1/new/regfile.v" into library xil_defaultlib
INFO: [VRFC 10-311] analyzing module regfile
INFO: [VRFC 10-2263] Analyzing Verilog file "E:/Projects/Studying/Computer Principles and Design in Verilog HDL/C7 Multiple-Cycle CPU Design in Verilog HDL/code/code.srcs/sources_1/new/top.v" into library xil_defaultlib
INFO: [VRFC 10-311] analyzing module top
INFO: [VRFC 10-2263] Analyzing Verilog file "E:/Projects/Studying/Computer Principles and Design in Verilog HDL/C7 Multiple-Cycle CPU Design in Verilog HDL/code/code.srcs/sim_1/new/top_test.v" into library xil_defaultlib
INFO: [VRFC 10-311] analyzing module top_test
